<?xml version="1.0" encoding="UTF-8"?>
<!-- Generated by org.testng.reporters.JUnitXMLReporter -->
<testsuite hostname="Amol-PC" ignored="1" name="Default test" tests="5" failures="0" timestamp="17 Jun 2019 16:00:42 GMT" time="198.972" errors="0">
  <testcase name="createNewContactTest" time="5.931" classname="com.qa.hubspot.tests.ContactsPageTest"/>
  <testcase name="createNewContactTest" time="9.36" classname="com.qa.hubspot.tests.ContactsPageTest"/>
  <testcase name="createNewContactTest" time="6.722" classname="com.qa.hubspot.tests.ContactsPageTest"/>
  <testcase name="createNewContactTest" time="9.618" classname="com.qa.hubspot.tests.ContactsPageTest"/>
  <testcase name="createNewContactTest" time="9.253" classname="com.qa.hubspot.tests.ContactsPageTest"/>
  <testcase name="isContactsPageHeaderPresentTest" time="0.0" classname="com.qa.hubspot.tests.ContactsPageTest">
    <ignored/>
  </testcase> <!-- isContactsPageHeaderPresentTest -->
</testsuite> <!-- Default test -->
