<?xml version="1.0" encoding="UTF-8"?>
<testsuite xmlns:xsi="http://www.w3.org/2001/XMLSchema-instance" xsi:noNamespaceSchemaLocation="https://maven.apache.org/surefire/maven-surefire-plugin/xsd/surefire-test-report.xsd" name="TestSuite" time="62.74" tests="3" errors="0" skipped="0" failures="1">
  <properties>
[...]
</properties>
  <testcase name="verifyLoginPageTitleTest" classname="com.qa.hubspot.tests.LoginPageTest" time="1.944">
    <failure message="expected [HubSpot Login123] but found [HubSpot Login]" type="java.lang.AssertionError">java.lang.AssertionError: expected [HubSpot Login123] but found [HubSpot Login]
	at com.qa.hubspot.tests.LoginPageTest.verifyLoginPageTitleTest(LoginPageTest.java:45)
</failure>
    <system-out><![CDATA[I am in onStart method hub spot regression Test
Test Suite started!
I am in onTestStart method verifyLoginPageTitleTest start
verifyLoginPageTitleTest started!
I am in on TestFailure method verifyLoginPageTitleTest failed
Screenshot captured for test case:verifyLoginPageTitleTest
]]></system-out>
    <system-err><![CDATA[SLF4J: Failed to load class "org.slf4j.impl.StaticLoggerBinder".
SLF4J: Defaulting to no-operation (NOP) logger implementation
SLF4J: See http://www.slf4j.org/codes.html#StaticLoggerBinder for further details.
Starting ChromeDriver 74.0.3729.6 (255758eccf3d244491b8a1317aa76e1ce10d57e9-refs/branch-heads/3729@{#29}) on port 29983
Only local connections are allowed.
Please protect ports used by ChromeDriver and related test frameworks to prevent access by malicious code.
Jun 18, 2019 3:57:03 PM org.openqa.selenium.remote.ProtocolHandshake createSession
INFO: Detected dialect: OSS
]]></system-err>
  </testcase>
  <testcase name="verifySignupLinkTest" classname="com.qa.hubspot.tests.LoginPageTest" time="0.301"/>
  <testcase name="hubspotLoginTest" classname="com.qa.hubspot.tests.LoginPageTest" time="1.372"/>
</testsuite>