<?xml version="1.0" encoding="UTF-8"?>
<testng-results skipped="0" failed="0" ignored="0" total="3" passed="3">
  <reporter-output>
  </reporter-output>
  <suite name="Hub Spot Test Suite" duration-ms="45037" started-at="2019-08-11T18:33:34Z" finished-at="2019-08-11T18:34:19Z">
    <groups>
    </groups>
    <test name="hub spot regression Test" duration-ms="45037" started-at="2019-08-11T18:33:34Z" finished-at="2019-08-11T18:34:19Z">
      <class name="com.qa.hubspot.tests.LoginPageTest">
        <test-method status="PASS" signature="setUp()[pri:0, instance:com.qa.hubspot.tests.LoginPageTest@aa5455e]" name="setUp" is-config="true" duration-ms="15122" started-at="2019-08-11T18:33:34Z" finished-at="2019-08-11T18:33:49Z">
          <reporter-output>
          </reporter-output>
        </test-method> <!-- setUp -->
        <test-method status="PASS" signature="verifyLoginPageTitleTest()[pri:1, instance:com.qa.hubspot.tests.LoginPageTest@aa5455e]" name="verifyLoginPageTitleTest" duration-ms="301" started-at="2019-08-11T18:33:50Z" description="verifying Login page title." finished-at="2019-08-11T18:33:50Z">
          <reporter-output>
          </reporter-output>
        </test-method> <!-- verifyLoginPageTitleTest -->
        <test-method status="PASS" signature="tearDown()[pri:0, instance:com.qa.hubspot.tests.LoginPageTest@aa5455e]" name="tearDown" is-config="true" duration-ms="848" started-at="2019-08-11T18:33:50Z" finished-at="2019-08-11T18:33:51Z">
          <reporter-output>
          </reporter-output>
        </test-method> <!-- tearDown -->
        <test-method status="PASS" signature="setUp()[pri:0, instance:com.qa.hubspot.tests.LoginPageTest@aa5455e]" name="setUp" is-config="true" duration-ms="12287" started-at="2019-08-11T18:33:51Z" finished-at="2019-08-11T18:34:04Z">
          <reporter-output>
          </reporter-output>
        </test-method> <!-- setUp -->
        <test-method status="PASS" signature="verifySignupLinkTest()[pri:2, instance:com.qa.hubspot.tests.LoginPageTest@aa5455e]" name="verifySignupLinkTest" duration-ms="450" started-at="2019-08-11T18:34:04Z" description="verify sign up link on Login page." finished-at="2019-08-11T18:34:04Z">
          <reporter-output>
          </reporter-output>
        </test-method> <!-- verifySignupLinkTest -->
        <test-method status="PASS" signature="tearDown()[pri:0, instance:com.qa.hubspot.tests.LoginPageTest@aa5455e]" name="tearDown" is-config="true" duration-ms="717" started-at="2019-08-11T18:34:04Z" finished-at="2019-08-11T18:34:05Z">
          <reporter-output>
          </reporter-output>
        </test-method> <!-- tearDown -->
        <test-method status="PASS" signature="setUp()[pri:0, instance:com.qa.hubspot.tests.LoginPageTest@aa5455e]" name="setUp" is-config="true" duration-ms="12392" started-at="2019-08-11T18:34:05Z" finished-at="2019-08-11T18:34:17Z">
          <reporter-output>
          </reporter-output>
        </test-method> <!-- setUp -->
        <test-method status="PASS" signature="hubspotLoginTest()[pri:3, instance:com.qa.hubspot.tests.LoginPageTest@aa5455e]" name="hubspotLoginTest" duration-ms="1395" started-at="2019-08-11T18:34:17Z" description="verify Login functionality" finished-at="2019-08-11T18:34:19Z">
          <reporter-output>
          </reporter-output>
        </test-method> <!-- hubspotLoginTest -->
        <test-method status="PASS" signature="tearDown()[pri:0, instance:com.qa.hubspot.tests.LoginPageTest@aa5455e]" name="tearDown" is-config="true" duration-ms="720" started-at="2019-08-11T18:34:19Z" finished-at="2019-08-11T18:34:19Z">
          <reporter-output>
          </reporter-output>
        </test-method> <!-- tearDown -->
      </class> <!-- com.qa.hubspot.tests.LoginPageTest -->
    </test> <!-- hub spot regression Test -->
  </suite> <!-- Hub Spot Test Suite -->
</testng-results>
