-------------------------------------------------------------------------------
Test set: TestSuite
-------------------------------------------------------------------------------
Tests run: 3, Failures: 1, Errors: 0, Skipped: 0, Time elapsed: 62.74 s <<< FAILURE! - in TestSuite
verifyLoginPageTitleTest(com.qa.hubspot.tests.LoginPageTest)  Time elapsed: 1.944 s  <<< FAILURE!
java.lang.AssertionError: expected [HubSpot Login123] but found [HubSpot Login]
	at com.qa.hubspot.tests.LoginPageTest.verifyLoginPageTitleTest(LoginPageTest.java:45)

