<?xml version="1.0" encoding="UTF-8"?>
<testng-results skipped="0" failed="0" ignored="0" total="3" passed="3">
  <reporter-output>
  </reporter-output>
  <suite name="Hub Spot Test Suite" duration-ms="44934" started-at="2019-08-12T14:28:29Z" finished-at="2019-08-12T14:29:14Z">
    <groups>
    </groups>
    <test name="hub spot regression Test" duration-ms="44934" started-at="2019-08-12T14:28:29Z" finished-at="2019-08-12T14:29:14Z">
      <class name="com.qa.hubspot.tests.LoginPageTest">
        <test-method status="PASS" signature="setUp()[pri:0, instance:com.qa.hubspot.tests.LoginPageTest@3935e9a8]" name="setUp" is-config="true" duration-ms="14654" started-at="2019-08-12T14:28:29Z" finished-at="2019-08-12T14:28:44Z">
          <reporter-output>
          </reporter-output>
        </test-method> <!-- setUp -->
        <test-method status="PASS" signature="verifyLoginPageTitleTest()[pri:1, instance:com.qa.hubspot.tests.LoginPageTest@3935e9a8]" name="verifyLoginPageTitleTest" duration-ms="480" started-at="2019-08-12T14:28:44Z" description="verifying Login page title." finished-at="2019-08-12T14:28:45Z">
          <reporter-output>
          </reporter-output>
        </test-method> <!-- verifyLoginPageTitleTest -->
        <test-method status="PASS" signature="tearDown()[pri:0, instance:com.qa.hubspot.tests.LoginPageTest@3935e9a8]" name="tearDown" is-config="true" duration-ms="747" started-at="2019-08-12T14:28:45Z" finished-at="2019-08-12T14:28:45Z">
          <reporter-output>
          </reporter-output>
        </test-method> <!-- tearDown -->
        <test-method status="PASS" signature="setUp()[pri:0, instance:com.qa.hubspot.tests.LoginPageTest@3935e9a8]" name="setUp" is-config="true" duration-ms="12591" started-at="2019-08-12T14:28:45Z" finished-at="2019-08-12T14:28:58Z">
          <reporter-output>
          </reporter-output>
        </test-method> <!-- setUp -->
        <test-method status="PASS" signature="verifySignupLinkTest()[pri:2, instance:com.qa.hubspot.tests.LoginPageTest@3935e9a8]" name="verifySignupLinkTest" duration-ms="493" started-at="2019-08-12T14:28:58Z" description="verify sign up link on Login page." finished-at="2019-08-12T14:28:59Z">
          <reporter-output>
          </reporter-output>
        </test-method> <!-- verifySignupLinkTest -->
        <test-method status="PASS" signature="tearDown()[pri:0, instance:com.qa.hubspot.tests.LoginPageTest@3935e9a8]" name="tearDown" is-config="true" duration-ms="747" started-at="2019-08-12T14:28:59Z" finished-at="2019-08-12T14:28:59Z">
          <reporter-output>
          </reporter-output>
        </test-method> <!-- tearDown -->
        <test-method status="PASS" signature="setUp()[pri:0, instance:com.qa.hubspot.tests.LoginPageTest@3935e9a8]" name="setUp" is-config="true" duration-ms="12524" started-at="2019-08-12T14:28:59Z" finished-at="2019-08-12T14:29:12Z">
          <reporter-output>
          </reporter-output>
        </test-method> <!-- setUp -->
        <test-method status="PASS" signature="hubspotLoginTest()[pri:3, instance:com.qa.hubspot.tests.LoginPageTest@3935e9a8]" name="hubspotLoginTest" duration-ms="1477" started-at="2019-08-12T14:29:12Z" description="verify Login functionality" finished-at="2019-08-12T14:29:13Z">
          <reporter-output>
          </reporter-output>
        </test-method> <!-- hubspotLoginTest -->
        <test-method status="PASS" signature="tearDown()[pri:0, instance:com.qa.hubspot.tests.LoginPageTest@3935e9a8]" name="tearDown" is-config="true" duration-ms="756" started-at="2019-08-12T14:29:13Z" finished-at="2019-08-12T14:29:14Z">
          <reporter-output>
          </reporter-output>
        </test-method> <!-- tearDown -->
      </class> <!-- com.qa.hubspot.tests.LoginPageTest -->
    </test> <!-- hub spot regression Test -->
  </suite> <!-- Hub Spot Test Suite -->
</testng-results>
