<?xml version="1.0" encoding="UTF-8"?>
<!-- Generated by org.testng.reporters.JUnitXMLReporter -->
<testsuite hostname="Amol-PC" ignored="0" name="hub spot regression Test" tests="3" failures="0" timestamp="26 Aug 2019 07:06:05 GMT" time="54.418" errors="0">
  <testcase name="verifyLoginPageTitleTest" time="2.623" classname="com.qa.hubspot.tests.LoginPageTest"/>
  <testcase name="verifySignupLinkTest" time="4.253" classname="com.qa.hubspot.tests.LoginPageTest"/>
  <testcase name="hubspotLoginTest" time="3.396" classname="com.qa.hubspot.tests.LoginPageTest"/>
</testsuite> <!-- hub spot regression Test -->
